<?xml version="1.0" encoding="UTF-8"?>
<testng-results ignored="0" total="1" passed="1" failed="0" skipped="0">
  <reporter-output>
  </reporter-output>
  <suite started-at="2023-12-03T17:58:06 IST" name="Suite" finished-at="2023-12-03T17:58:09 IST" duration-ms="3660">
    <groups>
    </groups>
    <test started-at="2023-12-03T17:58:06 IST" name="Test" finished-at="2023-12-03T17:58:09 IST" duration-ms="3660">
      <class name="base.FirstProject">
        <test-method is-config="true" signature="setUp()[pri:0, instance:base.FirstProject@41fbdac4]" started-at="2023-12-03T17:58:06 IST" name="setUp" finished-at="2023-12-03T17:58:09 IST" duration-ms="3166" status="PASS">
          <reporter-output>
          </reporter-output>
        </test-method> <!-- setUp -->
        <test-method signature="getTitle()[pri:1, instance:base.FirstProject@41fbdac4]" started-at="2023-12-03T17:58:09 IST" name="getTitle" finished-at="2023-12-03T17:58:09 IST" duration-ms="98" status="PASS">
          <reporter-output>
          </reporter-output>
        </test-method> <!-- getTitle -->
        <test-method is-config="true" signature="tearDown()[pri:0, instance:base.FirstProject@41fbdac4]" started-at="2023-12-03T17:58:09 IST" name="tearDown" finished-at="2023-12-03T17:58:09 IST" duration-ms="363" status="PASS">
          <reporter-output>
          </reporter-output>
        </test-method> <!-- tearDown -->
      </class> <!-- base.FirstProject -->
    </test> <!-- Test -->
  </suite> <!-- Suite -->
</testng-results>
