<?xml version="1.0" encoding="UTF-8"?>
<testng-results ignored="0" total="3" passed="3" failed="0" skipped="0">
  <reporter-output>
  </reporter-output>
  <suite started-at="2023-12-03T18:51:35 IST" name="Suite" finished-at="2023-12-03T18:51:39 IST" duration-ms="4322">
    <groups>
    </groups>
    <test started-at="2023-12-03T18:51:35 IST" name="Test" finished-at="2023-12-03T18:51:39 IST" duration-ms="4322">
      <class name="base.FirstProject">
        <test-method is-config="true" signature="setUp()[pri:0, instance:base.FirstProject@7bab3f1a]" started-at="2023-12-03T18:51:35 IST" name="setUp" finished-at="2023-12-03T18:51:38 IST" duration-ms="3788" status="PASS">
          <reporter-output>
          </reporter-output>
        </test-method> <!-- setUp -->
        <test-method signature="getTitle()[pri:1, instance:base.FirstProject@7bab3f1a]" started-at="2023-12-03T18:51:38 IST" name="getTitle" finished-at="2023-12-03T18:51:38 IST" duration-ms="20" status="PASS">
          <reporter-output>
          </reporter-output>
        </test-method> <!-- getTitle -->
        <test-method signature="getCurrentUrl()[pri:2, instance:base.FirstProject@7bab3f1a]" started-at="2023-12-03T18:51:38 IST" name="getCurrentUrl" finished-at="2023-12-03T18:51:38 IST" duration-ms="11" status="PASS">
          <reporter-output>
          </reporter-output>
        </test-method> <!-- getCurrentUrl -->
        <test-method signature="getPageSource()[pri:3, instance:base.FirstProject@7bab3f1a]" started-at="2023-12-03T18:51:38 IST" name="getPageSource" finished-at="2023-12-03T18:51:39 IST" duration-ms="104" status="PASS">
          <reporter-output>
          </reporter-output>
        </test-method> <!-- getPageSource -->
        <test-method is-config="true" signature="tearDown()[pri:0, instance:base.FirstProject@7bab3f1a]" started-at="2023-12-03T18:51:39 IST" name="tearDown" finished-at="2023-12-03T18:51:39 IST" duration-ms="336" status="PASS">
          <reporter-output>
          </reporter-output>
        </test-method> <!-- tearDown -->
      </class> <!-- base.FirstProject -->
    </test> <!-- Test -->
  </suite> <!-- Suite -->
</testng-results>
