<?xml version="1.0" encoding="UTF-8"?>
<testng-results ignored="0" total="1" passed="1" failed="0" skipped="0">
  <reporter-output>
  </reporter-output>
  <suite started-at="2023-12-03T17:55:31 IST" name="Suite" finished-at="2023-12-03T17:55:35 IST" duration-ms="4046">
    <groups>
    </groups>
    <test started-at="2023-12-03T17:55:31 IST" name="Test" finished-at="2023-12-03T17:55:35 IST" duration-ms="4046">
      <class name="base.FirstProject">
        <test-method is-config="true" signature="setUp()[pri:0, instance:base.FirstProject@51c668e3]" started-at="2023-12-03T17:55:31 IST" name="setUp" finished-at="2023-12-03T17:55:35 IST" duration-ms="3980" status="PASS">
          <reporter-output>
          </reporter-output>
        </test-method> <!-- setUp -->
        <test-method signature="getTitle()[pri:1, instance:base.FirstProject@51c668e3]" started-at="2023-12-03T17:55:35 IST" name="getTitle" finished-at="2023-12-03T17:55:35 IST" duration-ms="27" status="PASS">
          <reporter-output>
          </reporter-output>
        </test-method> <!-- getTitle -->
      </class> <!-- base.FirstProject -->
    </test> <!-- Test -->
  </suite> <!-- Suite -->
</testng-results>
